0 info it worked if it ends with ok
1 verbose cli [ 'E:\\runtime\\node\\6.9.5\\node.exe',
1 verbose cli   'E:\\runtime\\node\\6.9.5\\node_modules\\npm\\bin\\npm-cli.js',
1 verbose cli   'run',
1 verbose cli   'test-cover' ]
2 info using npm@3.10.10
3 info using node@v6.9.5
4 verbose run-script [ 'pretest-cover', 'test-cover', 'posttest-cover' ]
5 info lifecycle react-highlighter@0.4.1-dcubed~pretest-cover: react-highlighter@0.4.1-dcubed
6 silly lifecycle react-highlighter@0.4.1-dcubed~pretest-cover: no script for pretest-cover, continuing
7 info lifecycle react-highlighter@0.4.1-dcubed~test-cover: react-highlighter@0.4.1-dcubed
8 verbose lifecycle react-highlighter@0.4.1-dcubed~test-cover: unsafe-perm in lifecycle true
9 verbose lifecycle react-highlighter@0.4.1-dcubed~test-cover: PATH: E:\runtime\node\6.9.5\node_modules\npm\bin\node-gyp-bin;D:\d3.git\react-highlighter\node_modules\.bin;C:\Program Files (x86)\Microsoft Visual Studio\Preview\Professional\Common7\IDE\VC\VCPackages;C:\Program Files (x86)\Microsoft SDKs\TypeScript\2.5;C:\Program Files (x86)\Microsoft Visual Studio\Preview\Professional\Common7\IDE\CommonExtensions\Microsoft\TestWindow;C:\Program Files (x86)\Microsoft Visual Studio\Preview\Professional\Common7\IDE\CommonExtensions\Microsoft\TeamFoundation\Team Explorer;C:\Program Files (x86)\Microsoft Visual Studio\Preview\Professional\MSBuild\15.0\bin\Roslyn;C:\Program Files (x86)\Microsoft Visual Studio\Preview\Professional\Team Tools\Performance Tools;C:\Program Files (x86)\Microsoft Visual Studio\Shared\Common\VSPerfCollectionTools\;C:\Program Files (x86)\Microsoft SDKs\Windows\v10.0A\bin\NETFX 4.6.1 Tools\;C:\Program Files (x86)\Windows Kits\10\bin\x86;C:\Program Files (x86)\Windows Kits\10\bin\10.0.15063.0\x86;C:\Program Files (x86)\Microsoft Visual Studio\Preview\Professional\\MSBuild\15.0\bin;C:\WINDOWS\Microsoft.NET\Framework\v4.0.30319;C:\Program Files (x86)\Microsoft Visual Studio\Preview\Professional\Common7\IDE\;C:\Program Files (x86)\Microsoft Visual Studio\Preview\Professional\Common7\Tools\;C:\WINDOWS\system32;C:\WINDOWS;C:\WINDOWS\System32\Wbem;C:\WINDOWS\System32\WindowsPowerShell\v1.0\;C:\Program Files\dotnet\;C:\Program Files (x86)\GtkSharp\2.12\bin;C:\Program Files (x86)\Microsoft SQL Server\140\DTS\Binn\;C:\Program Files (x86)\Microsoft SQL Server\140\Tools\Binn\;C:\Program Files\Git\cmd;E:\runtime\node\6.9.5;E:\runtime\php;E:\runtime\go;E:\runtime\ruby;E:\runtime\erlang;E:\runtime\java;E:\runtime\perl;C:\Program Files (x86)\Microsoft SQL Server\Client SDK\ODBC\130\Tools\Binn\;C:\Program Files (x86)\Microsoft SQL Server\140\Tools\Binn\ManagementStudio\;C:\Program Files\Microsoft SQL Server\140\DTS\Binn\;C:\Program Files\Microsoft SQL Server\Client SDK\ODBC\130\Tools\Binn\;C:\Program Files\Microsoft SQL Server\140\Tools\Binn\;C:\Program Files\Microsoft SQL Server\130\Tools\Binn\;C:\Users\Administrator\AppData\Local\Microsoft\WindowsApps;;C:\Program Files\Microsoft VS Code Insiders\bin;C:\Program Files\Microsoft VS Code\bin
10 verbose lifecycle react-highlighter@0.4.1-dcubed~test-cover: CWD: D:\d3.git\react-highlighter
11 silly lifecycle react-highlighter@0.4.1-dcubed~test-cover: Args: [ '/d /s /c',
11 silly lifecycle   'istanbul cover node_modules/mocha/bin/_mocha --report lcovonly -- -R spec && mcat coverage/lcov.info | coveralls --verbose' ]
12 silly lifecycle react-highlighter@0.4.1-dcubed~test-cover: Returned: code: 1  signal: null
13 info lifecycle react-highlighter@0.4.1-dcubed~test-cover: Failed to exec test-cover script
14 verbose stack Error: react-highlighter@0.4.1-dcubed test-cover: `istanbul cover node_modules/mocha/bin/_mocha --report lcovonly -- -R spec && mcat coverage/lcov.info | coveralls --verbose`
14 verbose stack Exit status 1
14 verbose stack     at EventEmitter.<anonymous> (E:\runtime\node\6.9.5\node_modules\npm\lib\utils\lifecycle.js:255:16)
14 verbose stack     at emitTwo (events.js:106:13)
14 verbose stack     at EventEmitter.emit (events.js:191:7)
14 verbose stack     at ChildProcess.<anonymous> (E:\runtime\node\6.9.5\node_modules\npm\lib\utils\spawn.js:40:14)
14 verbose stack     at emitTwo (events.js:106:13)
14 verbose stack     at ChildProcess.emit (events.js:191:7)
14 verbose stack     at maybeClose (internal/child_process.js:877:16)
14 verbose stack     at Process.ChildProcess._handle.onexit (internal/child_process.js:226:5)
15 verbose pkgid react-highlighter@0.4.1-dcubed
16 verbose cwd D:\d3.git\react-highlighter
17 error Windows_NT 10.0.14393
18 error argv "E:\\runtime\\node\\6.9.5\\node.exe" "E:\\runtime\\node\\6.9.5\\node_modules\\npm\\bin\\npm-cli.js" "run" "test-cover"
19 error node v6.9.5
20 error npm  v3.10.10
21 error code ELIFECYCLE
22 error react-highlighter@0.4.1-dcubed test-cover: `istanbul cover node_modules/mocha/bin/_mocha --report lcovonly -- -R spec && mcat coverage/lcov.info | coveralls --verbose`
22 error Exit status 1
23 error Failed at the react-highlighter@0.4.1-dcubed test-cover script 'istanbul cover node_modules/mocha/bin/_mocha --report lcovonly -- -R spec && mcat coverage/lcov.info | coveralls --verbose'.
23 error Make sure you have the latest version of node.js and npm installed.
23 error If you do, this is most likely a problem with the react-highlighter package,
23 error not with npm itself.
23 error Tell the author that this fails on your system:
23 error     istanbul cover node_modules/mocha/bin/_mocha --report lcovonly -- -R spec && mcat coverage/lcov.info | coveralls --verbose
23 error You can get information on how to open an issue for this project with:
23 error     npm bugs react-highlighter
23 error Or if that isn't available, you can get their info via:
23 error     npm owner ls react-highlighter
23 error There is likely additional logging output above.
24 verbose exit [ 1, true ]
